<?xml version="1.0" encoding="UTF-8"?>
<testng-results total="2" passed="2" failed="0" skipped="0">
  <reporter-output>
    <line>
      <![CDATA[openBrowser]]>
    </line>
    <line>
      <![CDATA[closeBrowser]]>
    </line>
  </reporter-output>
  <suite started-at="2021-07-06T03:57:53Z" name="Default Suite" finished-at="2021-07-06T03:57:53Z" duration-ms="15">
    <groups>
    </groups>
    <test started-at="2021-07-06T03:57:53Z" name="TestNG" finished-at="2021-07-06T03:57:53Z" duration-ms="15">
      <class name="com.ankur.reporterlog.ConsoleEmailAndHtmlReports">
        <test-method signature="openBrowser()[pri:0, instance:com.ankur.reporterlog.ConsoleEmailAndHtmlReports@6321e813]" started-at="2021-07-05T22:57:53Z" name="openBrowser" finished-at="2021-07-05T22:57:53Z" duration-ms="6" status="PASS">
          <reporter-output>
            <line>
              <![CDATA[openBrowser]]>
            </line>
          </reporter-output>
        </test-method> <!-- openBrowser -->
        <test-method signature="closeBrowser()[pri:0, instance:com.ankur.reporterlog.ConsoleEmailAndHtmlReports@6321e813]" started-at="2021-07-05T22:57:53Z" name="closeBrowser" finished-at="2021-07-05T22:57:53Z" duration-ms="0" status="PASS">
          <reporter-output>
            <line>
              <![CDATA[closeBrowser]]>
            </line>
          </reporter-output>
        </test-method> <!-- closeBrowser -->
      </class> <!-- com.ankur.reporterlog.ConsoleEmailAndHtmlReports -->
    </test> <!-- TestNG -->
  </suite> <!-- Default Suite -->
</testng-results>
